<?xml version="1.0" encoding="UTF-8"?>
<testng-results skipped="0" failed="0" ignored="0" total="3" passed="3">
  <reporter-output>
  </reporter-output>
  <suite name="Suite" duration-ms="311" started-at="2021-10-13T08:01:32Z" finished-at="2021-10-13T08:01:32Z">
    <groups>
    </groups>
    <test name="Test1" duration-ms="168" started-at="2021-10-13T08:01:32Z" finished-at="2021-10-13T08:01:32Z">
      <class name="loginTests.AppTest">
        <test-method status="PASS" signature="invalidLoginTest()[pri:0, instance:loginTests.AppTest@2f177a4b]" name="invalidLoginTest" duration-ms="59" started-at="2021-10-13T08:01:32Z" description="InValid Test" finished-at="2021-10-13T08:01:32Z">
          <reporter-output>
          </reporter-output>
        </test-method> <!-- invalidLoginTest -->
        <test-method status="PASS" signature="validLoginTest()[pri:0, instance:loginTests.AppTest@2f177a4b]" name="validLoginTest" duration-ms="9" started-at="2021-10-13T08:01:32Z" description="Valid Test" finished-at="2021-10-13T08:01:32Z">
          <reporter-output>
          </reporter-output>
        </test-method> <!-- validLoginTest -->
      </class> <!-- loginTests.AppTest -->
    </test> <!-- Test1 -->
    <test name="Test2" duration-ms="9" started-at="2021-10-13T08:01:32Z" finished-at="2021-10-13T08:01:32Z">
      <class name="loginTests.NumberComparison">
        <test-method status="PASS" signature="intComparison()[pri:0, instance:loginTests.NumberComparison@5dd6264]" name="intComparison" duration-ms="2" started-at="2021-10-13T08:01:32Z" finished-at="2021-10-13T08:01:32Z">
          <reporter-output>
          </reporter-output>
        </test-method> <!-- intComparison -->
      </class> <!-- loginTests.NumberComparison -->
    </test> <!-- Test2 -->
  </suite> <!-- Suite -->
</testng-results>
